<?xml version="1.0" encoding="UTF-8"?>
<testng-results skipped="0" failed="0" ignored="0" total="1" passed="1">
  <reporter-output>
  </reporter-output>
  <suite name="Default suite" duration-ms="435" started-at="2017-09-21T08:29:45Z" finished-at="2017-09-21T08:29:45Z">
    <groups>
      <group name="cucumber">
        <method signature="AbstractTestNGCucumberTests.feature(cucumber.api.testng.CucumberFeatureWrapper)[pri:0, instance:Runner.cucumberRunner@6e1567f1]" name="feature" class="cucumber.api.testng.AbstractTestNGCucumberTests"/>
      </group> <!-- cucumber -->
    </groups>
    <test name="Default test" duration-ms="435" started-at="2017-09-21T08:29:45Z" finished-at="2017-09-21T08:29:45Z">
      <class name="Runner.cucumberRunner">
        <test-method status="PASS" signature="setUpClass()[pri:0, instance:Runner.cucumberRunner@6e1567f1]" name="setUpClass" is-config="true" duration-ms="244" started-at="2017-09-21T13:59:45Z" finished-at="2017-09-21T13:59:45Z">
          <reporter-output>
          </reporter-output>
        </test-method> <!-- setUpClass -->
        <test-method status="PASS" signature="feature(cucumber.api.testng.CucumberFeatureWrapper)[pri:0, instance:Runner.cucumberRunner@6e1567f1]" name="feature" duration-ms="90" started-at="2017-09-21T13:59:45Z" description="Runs Cucumber Feature" data-provider="features" finished-at="2017-09-21T13:59:45Z">
          <params>
            <param index="0">
              <value>
                <![CDATA[This is my dummy feature]]>
              </value>
            </param>
          </params>
          <reporter-output>
          </reporter-output>
        </test-method> <!-- feature -->
        <test-method status="PASS" signature="tearDownClass()[pri:0, instance:Runner.cucumberRunner@6e1567f1]" name="tearDownClass" is-config="true" duration-ms="26" started-at="2017-09-21T13:59:45Z" finished-at="2017-09-21T13:59:45Z">
          <reporter-output>
          </reporter-output>
        </test-method> <!-- tearDownClass -->
      </class> <!-- Runner.cucumberRunner -->
    </test> <!-- Default test -->
  </suite> <!-- Default suite -->
</testng-results>
