<?xml version="1.0" encoding="UTF-8"?>
<testng-results skipped="0" failed="0" ignored="0" total="1" passed="1">
  <reporter-output>
  </reporter-output>
  <suite name="Default suite" duration-ms="396" started-at="2017-08-30T10:33:32Z" finished-at="2017-08-30T10:33:32Z">
    <groups>
      <group name="cucumber">
        <method signature="AbstractTestNGCucumberTests.feature(cucumber.api.testng.CucumberFeatureWrapper)[pri:0, instance:Runner.cucumberRunner@490ab905]" name="feature" class="cucumber.api.testng.AbstractTestNGCucumberTests"/>
      </group> <!-- cucumber -->
    </groups>
    <test name="Default test" duration-ms="396" started-at="2017-08-30T10:33:32Z" finished-at="2017-08-30T10:33:32Z">
      <class name="cucumberTests.firstTest">
        <test-method status="PASS" signature="init()[pri:0, instance:cucumberTests.firstTest@1e397ed7]" name="init" is-config="true" duration-ms="18" started-at="2017-08-30T16:03:32Z" finished-at="2017-08-30T16:03:32Z">
          <reporter-output>
          </reporter-output>
        </test-method> <!-- init -->
      </class> <!-- cucumberTests.firstTest -->
      <class name="Runner.cucumberRunner">
        <test-method status="PASS" signature="setUpClass()[pri:0, instance:Runner.cucumberRunner@490ab905]" name="setUpClass" is-config="true" duration-ms="215" started-at="2017-08-30T16:03:32Z" finished-at="2017-08-30T16:03:32Z">
          <reporter-output>
          </reporter-output>
        </test-method> <!-- setUpClass -->
        <test-method status="PASS" signature="feature(cucumber.api.testng.CucumberFeatureWrapper)[pri:0, instance:Runner.cucumberRunner@490ab905]" name="feature" duration-ms="46" started-at="2017-08-30T16:03:32Z" description="Runs Cucumber Feature" data-provider="features" finished-at="2017-08-30T16:03:32Z">
          <params>
            <param index="0">
              <value>
                <![CDATA[This is my dummy feature]]>
              </value>
            </param>
          </params>
          <reporter-output>
          </reporter-output>
        </test-method> <!-- feature -->
        <test-method status="PASS" signature="tearDownClass()[pri:0, instance:Runner.cucumberRunner@490ab905]" name="tearDownClass" is-config="true" duration-ms="23" started-at="2017-08-30T16:03:32Z" finished-at="2017-08-30T16:03:32Z">
          <reporter-output>
          </reporter-output>
        </test-method> <!-- tearDownClass -->
      </class> <!-- Runner.cucumberRunner -->
    </test> <!-- Default test -->
  </suite> <!-- Default suite -->
</testng-results>
